[debug] [2022-06-01T17:49:02.380Z] ----------------------------------------------------------------------
[debug] [2022-06-01T17:49:02.381Z] Command:       /Users/anasteisha/.nvm/versions/node/v16.15.0/bin/node /Users/anasteisha/.nvm/versions/node/v16.15.0/bin/firebase deploy
[debug] [2022-06-01T17:49:02.381Z] CLI Version:   11.0.1
[debug] [2022-06-01T17:49:02.381Z] Platform:      darwin
[debug] [2022-06-01T17:49:02.381Z] Node Version:  v16.15.0
[debug] [2022-06-01T17:49:02.382Z] Time:          Wed Jun 01 2022 19:49:02 GMT+0200 (Central European Summer Time)
[debug] [2022-06-01T17:49:02.382Z] ----------------------------------------------------------------------
[debug] 
[debug] [2022-06-01T17:49:02.407Z] > command requires scopes: ["email","openid","https://www.googleapis.com/auth/cloudplatformprojects.readonly","https://www.googleapis.com/auth/firebase","https://www.googleapis.com/auth/cloud-platform"]
[debug] [2022-06-01T17:49:02.407Z] > authorizing via signed-in user (shapowalova.no@gmail.com)
[debug] [2022-06-01T17:49:02.407Z] [iam] checking project mrcharlie-cc58e for permissions ["firebase.projects.get","firebasehosting.sites.update"]
[debug] [2022-06-01T17:49:02.408Z] > refreshing access token with scopes: []
[debug] [2022-06-01T17:49:02.408Z] >>> HTTP REQUEST POST https://www.googleapis.com/oauth2/v3/token  
 <request body omitted>
[debug] [2022-06-01T17:49:02.609Z] <<< HTTP RESPONSE 400 {"expires":"Mon, 01 Jan 1990 00:00:00 GMT","date":"Wed, 01 Jun 2022 17:49:02 GMT","cache-control":"no-cache, no-store, max-age=0, must-revalidate","pragma":"no-cache","content-type":"application/json; charset=utf-8","vary":"X-Origin, Referer, Origin,Accept-Encoding","server":"scaffolding on HTTPServer2","x-xss-protection":"0","x-frame-options":"SAMEORIGIN","x-content-type-options":"nosniff","alt-svc":"h3=\":443\"; ma=2592000,h3-29=\":443\"; ma=2592000,h3-Q050=\":443\"; ma=2592000,h3-Q046=\":443\"; ma=2592000,h3-Q043=\":443\"; ma=2592000,quic=\":443\"; ma=2592000; v=\"46,43\"","accept-ranges":"none","transfer-encoding":"chunked"}
[debug] [2022-06-01T17:49:02.612Z] >>> [apiv2][query] POST https://cloudresourcemanager.googleapis.com/v1/projects/mrcharlie-cc58e:testIamPermissions [none]
[debug] [2022-06-01T17:49:02.612Z] >>> [apiv2][body] POST https://cloudresourcemanager.googleapis.com/v1/projects/mrcharlie-cc58e:testIamPermissions {"permissions":["firebase.projects.get","firebasehosting.sites.update"]}
[debug] [2022-06-01T17:49:03.503Z] <<< [apiv2][status] POST https://cloudresourcemanager.googleapis.com/v1/projects/mrcharlie-cc58e:testIamPermissions 401
[debug] [2022-06-01T17:49:03.504Z] <<< [apiv2][body] POST https://cloudresourcemanager.googleapis.com/v1/projects/mrcharlie-cc58e:testIamPermissions {"error":{"code":401,"message":"Request had invalid authentication credentials. Expected OAuth 2 access token, login cookie or other valid authentication credential. See https://developers.google.com/identity/sign-in/web/devconsole-project.","status":"UNAUTHENTICATED","details":[{"@type":"type.googleapis.com/google.rpc.ErrorInfo","reason":"ACCESS_TOKEN_TYPE_UNSUPPORTED","metadata":{"service":"cloudresourcemanager.googleapis.com","method":"google.cloudresourcemanager.v1.Projects.TestIamPermissions"}}]}}
[debug] [2022-06-01T17:49:03.505Z] [iam] error while checking permissions, command may fail: FirebaseError: HTTP Error: 401, Request had invalid authentication credentials. Expected OAuth 2 access token, login cookie or other valid authentication credential. See https://developers.google.com/identity/sign-in/web/devconsole-project.
[debug] [2022-06-01T17:49:03.506Z] > refreshing access token with scopes: []
[debug] [2022-06-01T17:49:03.506Z] >>> HTTP REQUEST POST https://www.googleapis.com/oauth2/v3/token  
 <request body omitted>
[debug] [2022-06-01T17:49:03.689Z] <<< HTTP RESPONSE 400 {"expires":"Mon, 01 Jan 1990 00:00:00 GMT","pragma":"no-cache","date":"Wed, 01 Jun 2022 17:49:03 GMT","cache-control":"no-cache, no-store, max-age=0, must-revalidate","content-type":"application/json; charset=utf-8","vary":"X-Origin, Referer, Origin,Accept-Encoding","server":"scaffolding on HTTPServer2","x-xss-protection":"0","x-frame-options":"SAMEORIGIN","x-content-type-options":"nosniff","alt-svc":"h3=\":443\"; ma=2592000,h3-29=\":443\"; ma=2592000,h3-Q050=\":443\"; ma=2592000,h3-Q046=\":443\"; ma=2592000,h3-Q043=\":443\"; ma=2592000,quic=\":443\"; ma=2592000; v=\"46,43\"","accept-ranges":"none","transfer-encoding":"chunked"}
[debug] [2022-06-01T17:49:03.691Z] >>> [apiv2][query] GET https://firebase.googleapis.com/v1beta1/projects/mrcharlie-cc58e [none]
[debug] [2022-06-01T17:49:03.884Z] <<< [apiv2][status] GET https://firebase.googleapis.com/v1beta1/projects/mrcharlie-cc58e 401
[debug] [2022-06-01T17:49:03.885Z] <<< [apiv2][body] GET https://firebase.googleapis.com/v1beta1/projects/mrcharlie-cc58e {"error":{"code":401,"message":"Request had invalid authentication credentials. Expected OAuth 2 access token, login cookie or other valid authentication credential. See https://developers.google.com/identity/sign-in/web/devconsole-project.","status":"UNAUTHENTICATED"}}
[debug] [2022-06-01T17:49:03.885Z] HTTP Error: 401, Request had invalid authentication credentials. Expected OAuth 2 access token, login cookie or other valid authentication credential. See https://developers.google.com/identity/sign-in/web/devconsole-project.
[debug] [2022-06-01T17:49:03.886Z] FirebaseError: HTTP Error: 401, Request had invalid authentication credentials. Expected OAuth 2 access token, login cookie or other valid authentication credential. See https://developers.google.com/identity/sign-in/web/devconsole-project.
    at module.exports (/Users/anasteisha/.nvm/versions/node/v16.15.0/lib/node_modules/firebase-tools/lib/responseToError.js:47:12)
    at RetryOperation._fn (/Users/anasteisha/.nvm/versions/node/v16.15.0/lib/node_modules/firebase-tools/lib/apiv2.js:286:39)
    at processTicksAndRejections (node:internal/process/task_queues:96:5)
[error] 
[error] Error: Failed to get Firebase project mrcharlie-cc58e. Please make sure the project exists and your account has permission to access it.
